<?xml version="1.0" encoding="UTF-8"?>
<!-- Generated by org.testng.reporters.JUnitReportReporter -->
<testsuite hostname="LAPTOP-G5IT7DRE" failures="0" tests="1" name="com.sevenmartsupermarket.tests.CategoriesTest" time="11.112" errors="0" timestamp="2024-12-04T19:09:33 GMT-08:00" skipped="0">
  <testcase classname="com.sevenmartsupermarket.tests.CategoriesTest" name="verifyImageIsEditableFromTable" time="11.112"/>
</testsuite> <!-- com.sevenmartsupermarket.tests.CategoriesTest -->
