<?xml version="1.0" encoding="UTF-8"?>
<!-- Generated by org.testng.reporters.JUnitReportReporter -->
<testsuite hostname="LAPTOP-G5IT7DRE" failures="0" tests="1" name="com.sevenmartsupermarket.tests.AdminUsersTest" time="13.790" errors="0" timestamp="2024-11-27T17:06:17 GMT-08:00" skipped="0">
  <testcase classname="com.sevenmartsupermarket.tests.AdminUsersTest" name="verifyAdminTableCancelAlert" time="13.790"/>
</testsuite> <!-- com.sevenmartsupermarket.tests.AdminUsersTest -->
