<?xml version="1.0" encoding="UTF-8"?>
<!-- Generated by org.testng.reporters.JUnitReportReporter -->
<testsuite hostname="LAPTOP-G5IT7DRE" failures="0" tests="1" name="com.sevenmartsupermarket.tests.ManageContactTest" time="21.163" errors="0" timestamp="2024-12-05T10:42:41 GMT-08:00" skipped="0">
  <testcase classname="com.sevenmartsupermarket.tests.ManageContactTest" name="verifyEditEntriesUsingDataProviders" time="21.163"/>
</testsuite> <!-- com.sevenmartsupermarket.tests.ManageContactTest -->
