<?xml version="1.0" encoding="UTF-8"?>
<!-- Generated by org.testng.reporters.JUnitReportReporter -->
<testsuite hostname="LAPTOP-G5IT7DRE" failures="0" tests="1" name="com.sevenmartsupermarket.tests.LoginTest" time="7.358" errors="0" timestamp="2024-11-27T12:56:39 GMT-08:00" skipped="0">
  <testcase classname="com.sevenmartsupermarket.tests.LoginTest" name="verifyHeadings" time="7.358"/>
</testsuite> <!-- com.sevenmartsupermarket.tests.LoginTest -->
