<?xml version="1.0" encoding="UTF-8"?>
<!-- Generated by org.testng.reporters.JUnitReportReporter -->
<testsuite hostname="LAPTOP-G5IT7DRE" failures="0" tests="1" name="com.sevenmartsupermarket.tests.AdminUsersTestCase" time="10.084" errors="0" timestamp="2024-12-01T15:47:46 GMT-08:00" skipped="0">
  <testcase classname="com.sevenmartsupermarket.tests.AdminUsersTestCase" name="verifyResetButton" time="10.084"/>
</testsuite> <!-- com.sevenmartsupermarket.tests.AdminUsersTestCase -->
