<?xml version="1.0" encoding="UTF-8"?>
<!-- Generated by org.testng.reporters.JUnitReportReporter -->
<testsuite hostname="LAPTOP-G5IT7DRE" failures="0" tests="1" name="com.sevenmartsupermarket.tests.ManageContactTest" time="13.170" errors="0" timestamp="2024-11-29T02:23:14 GMT-08:00" skipped="0">
  <testcase classname="com.sevenmartsupermarket.tests.ManageContactTest" name="verifyEditMangeContact" time="13.170"/>
</testsuite> <!-- com.sevenmartsupermarket.tests.ManageContactTest -->
