<?xml version="1.0" encoding="UTF-8"?>
<!-- Generated by org.testng.reporters.JUnitReportReporter -->
<testsuite hostname="LAPTOP-G5IT7DRE" failures="0" tests="1" name="com.sevenmartsupermarket.tests.CategoriesTest" time="15.402" errors="0" timestamp="2024-11-28T16:33:10 GMT-08:00" skipped="0">
  <testcase classname="com.sevenmartsupermarket.tests.CategoriesTest" name="verifyDeleteCategoryFromTable" time="15.402"/>
</testsuite> <!-- com.sevenmartsupermarket.tests.CategoriesTest -->
