<?xml version="1.0" encoding="UTF-8"?>
<!-- Generated by org.testng.reporters.JUnitReportReporter -->
<testsuite hostname="LAPTOP-G5IT7DRE" failures="0" tests="1" name="com.sevenmartsupermarket.tests.CategoriesTest" time="10.806" errors="0" timestamp="2024-11-29T00:05:05 GMT-08:00" skipped="0">
  <testcase classname="com.sevenmartsupermarket.tests.CategoriesTest" name="verifyDeleteImageEdit" time="10.806"/>
</testsuite> <!-- com.sevenmartsupermarket.tests.CategoriesTest -->
