<?xml version="1.0" encoding="UTF-8"?>
<!-- Generated by org.testng.reporters.JUnitReportReporter -->
<testsuite hostname="LAPTOP-G5IT7DRE" failures="0" tests="1" name="com.sevenmartsupermarket.tests.DashBoardTest" time="17.948" errors="0" timestamp="2024-11-27T22:29:16 GMT-08:00" skipped="0">
  <testcase classname="com.sevenmartsupermarket.tests.DashBoardTest" name="verifyAllCategory" time="17.948"/>
</testsuite> <!-- com.sevenmartsupermarket.tests.DashBoardTest -->
