<?xml version="1.0" encoding="UTF-8"?>
<!-- Generated by org.testng.reporters.JUnitReportReporter -->
<testsuite hostname="LAPTOP-G5IT7DRE" failures="0" tests="6" name="com.sevenmartsupermarket.tests.DashBoardTest" time="39.912" errors="0" timestamp="2024-12-03T16:29:47 GMT-08:00" skipped="0">
  <testcase classname="com.sevenmartsupermarket.tests.DashBoardTest" name="verifyDashBoardMoreInfoFromDataproviders" time="5.404"/>
  <testcase classname="com.sevenmartsupermarket.tests.DashBoardTest" name="verifyDashBoardMoreInfoFromDataproviders" time="6.515"/>
  <testcase classname="com.sevenmartsupermarket.tests.DashBoardTest" name="verifyDashBoardMoreInfoFromDataproviders" time="6.266"/>
  <testcase classname="com.sevenmartsupermarket.tests.DashBoardTest" name="verifyDashBoardMoreInfoFromDataproviders" time="5.696"/>
  <testcase classname="com.sevenmartsupermarket.tests.DashBoardTest" name="verifyDashBoardMoreInfoFromDataproviders" time="10.298"/>
  <testcase classname="com.sevenmartsupermarket.tests.DashBoardTest" name="verifyDashBoardMoreInfoFromDataproviders" time="5.733"/>
</testsuite> <!-- com.sevenmartsupermarket.tests.DashBoardTest -->
