<?xml version="1.0" encoding="UTF-8"?>
<!-- Generated by org.testng.reporters.JUnitReportReporter -->
<testsuite hostname="LAPTOP-G5IT7DRE" failures="0" tests="1" name="com.sevenmartsupermarket.tests.DashBoardTest" time="15.583" errors="0" timestamp="2024-11-27T15:21:39 GMT-08:00" skipped="0">
  <testcase classname="com.sevenmartsupermarket.tests.DashBoardTest" name="verifyClickAllDashBoardComp" time="15.583"/>
</testsuite> <!-- com.sevenmartsupermarket.tests.DashBoardTest -->
