<?xml version="1.0" encoding="UTF-8"?>
<!-- Generated by org.testng.reporters.JUnitReportReporter -->
<testsuite hostname="LAPTOP-G5IT7DRE" failures="0" tests="1" name="com.sevenmartsupermarket.tests.DashBoardTest" time="8.089" errors="0" timestamp="2024-11-29T12:20:05 GMT-08:00" skipped="0">
  <testcase classname="com.sevenmartsupermarket.tests.DashBoardTest" name="verifyClickAllDashBoardComp" time="8.089"/>
</testsuite> <!-- com.sevenmartsupermarket.tests.DashBoardTest -->
