<?xml version="1.0" encoding="UTF-8"?>
<!-- Generated by org.testng.reporters.JUnitReportReporter -->
<testsuite hostname="LAPTOP-G5IT7DRE" failures="0" tests="1" name="com.sevenmartsupermarket.tests.SubCategoriesTest" time="12.074" errors="0" timestamp="2024-11-29T01:58:12 GMT-08:00" skipped="0">
  <testcase classname="com.sevenmartsupermarket.tests.SubCategoriesTest" name="verifyEditCategoryFromTable" time="12.074"/>
</testsuite> <!-- com.sevenmartsupermarket.tests.SubCategoriesTest -->
