<?xml version="1.0" encoding="UTF-8"?>
<!-- Generated by org.testng.reporters.JUnitReportReporter -->
<testsuite hostname="LAPTOP-G5IT7DRE" failures="0" tests="1" name="com.sevenmartsupermarket.tests.CategoriesTest" time="10.990" errors="0" timestamp="2024-12-03T18:44:34 GMT-08:00" skipped="0">
  <testcase classname="com.sevenmartsupermarket.tests.CategoriesTest" name="verifyDeleteImageEdit" time="10.990"/>
</testsuite> <!-- com.sevenmartsupermarket.tests.CategoriesTest -->
