<?xml version="1.0" encoding="UTF-8"?>
<!-- Generated by org.testng.reporters.JUnitReportReporter -->
<testsuite hostname="LAPTOP-G5IT7DRE" failures="0" tests="1" name="com.sevenmartsupermarket.tests.SubCategoriesTest" time="13.184" errors="0" timestamp="2024-12-04T19:02:27 GMT-08:00" skipped="0">
  <testcase classname="com.sevenmartsupermarket.tests.SubCategoriesTest" name="verifyEditCategoryFromTable" time="13.184"/>
</testsuite> <!-- com.sevenmartsupermarket.tests.SubCategoriesTest -->
